22:08:23.887 [main] INFO  epam.array.service.impl.ArrayServiceImpl - The max is 88
22:08:23.898 [main] INFO  epam.array.service.impl.ArrayServiceImpl - The max is 16
22:08:23.898 [main] INFO  epam.array.service.impl.ArrayServiceImpl - The max is 54
22:08:23.898 [main] INFO  epam.array.service.impl.ArrayServiceImpl - The max is 88
22:08:23.898 [main] INFO  epam.array.service.impl.ArrayServiceImpl - The max is 54
22:08:23.898 [main] INFO  epam.array.service.impl.ArrayServiceImpl - The max is 88
22:08:23.898 [main] INFO  epam.array.service.impl.ArrayServiceImpl - The max is 54
22:08:23.899 [main] INFO  epam.array.service.impl.ArrayServiceImpl - The max is 16
22:08:23.899 [main] INFO  epam.array.service.impl.ArrayServiceImpl - The max is 88
22:08:23.899 [main] INFO  epam.array.service.impl.ArrayServiceImpl - The max is 54
22:08:23.899 [main] INFO  epam.array.service.impl.ArrayServiceImpl - The max is 88
22:08:23.899 [main] INFO  epam.array.service.impl.ArrayServiceImpl - The max is 88
22:08:23.899 [main] INFO  epam.array.service.impl.ArrayServiceImpl - The max is 71
22:08:23.899 [main] INFO  epam.array.service.impl.ArrayServiceImpl - The max is 88
22:08:23.899 [main] INFO  epam.array.service.impl.ArrayServiceImpl - The max is 71
22:08:23.899 [main] INFO  epam.array.service.impl.ArrayServiceImpl - The max is 54
22:08:23.900 [main] INFO  epam.array.service.impl.ArrayServiceImpl - The max is 340
22:08:23.900 [main] INFO  epam.array.service.impl.ArrayServiceImpl - The max is 71
22:08:23.900 [main] INFO  epam.array.service.impl.ArrayServiceImpl - The max is 340
22:08:23.900 [main] INFO  epam.array.service.impl.ArrayServiceImpl - The max is 88
22:08:23.901 [main] INFO  epam.array.service.impl.ArrayServiceImpl - The sum is 33
22:08:23.901 [main] INFO  epam.array.service.impl.ArrayServiceImpl - The min is -2
22:08:23.901 [main] INFO  epam.array.service.impl.ArrayServiceImpl - The max is 16
22:08:23.901 [main] INFO  epam.array.service.impl.ArrayServiceImpl - The average is 5.5
22:08:23.901 [main] INFO  epam.array.service.impl.ArrayServiceImpl - The minusNum is 1
22:08:23.902 [main] INFO  epam.array.service.impl.ArrayServiceImpl - element was replaced
